0
2.7943721492688325
68169718.81095488
1367496.473594377
1
2.7943721492688325
509.5615853680932
21.375667112511874
2
2.7943721492688325
3.8559870982681654
3.0942046846613978
3
2.7943721492688325
112.77328418071993
4.9878951827365405
4
2.7491003121387907
3.5173295021323803
2.8076601005577273
5
2.7491003121387907
6.226950459827485
2.8599022401766505
6
2.7491003121387907
542.7467999327017
14.661703747826982
7
2.528423403960664
85808.14525843489
1687.3047255380695
8
2.528423403960664
528.34279502149
14.24525451422124
9
2.528423403960664
6483.496480877006
164.36993947479502
10
1.5561468695537144
536.0415564810376
14.031290445244935
11
1.5561468695537144
296785629.98227924
5819392.26578633
12
1.5561468695537144
6252251.999834907
122598.04103306231
13
1.5561468695537144
169511.91426235353
3327.7342129849762
14
1.5561468695537144
8529306.173223019
167250.0961526262
15
1.5561468695537144
3756.122661015414
99.36220883975595
16
1.5561468695537144
5744.106087630952
122.51026573803533
17
1.5561468695537144
402.4054881246585
13.419841064993264
18
1.5561468695537144
23749.000275070655
469.4460725405524
19
1.5561468695537144
562.9496484825634
19.743762099298213
20
1.5561468695537144
3.960050712306511
1.627561166072693
21
1.5561468695537144
742.0496202863562
17.628754938207997
22
1.5561468695537144
1955.4634233831448
76.62405900929976
23
1.5561468695537144
3971565.7655795105
77875.82853000674
24
1.5561468695537144
96990141.05512482
1902368.5835971376
25
1.5561468695537144
54.61179784682436
3.2617515408417908
26
1.5561468695537144
80.74504669979379
3.7369333216968776
27
1.5561468695537144
239924.63972702622
4707.0385468862005
28
1.5561468695537144
486025.2803416089
9541.467000185456
29
1.5561468695537144
12736.509256412959
251.30418400385904
30
0.9434335797111233
23.39968125854816
2.3548352754165016
31
0.9434335797111233
16872.731566208447
517.8729189265555
32
0.9434335797111233
97.98580593051267
4.295007602901718
33
0.9434335797111233
738661.0558394262
14487.284302622727
34
0.9434335797111233
54.61179784682436
2.528901564528893
35
0.9434335797111233
9270.909312069289
197.43978034782288
36
0.9434335797111233
0.9434335797111233
0.9434335797111237
37
0.9434335797111233
72.08763726731596
2.412846302934212
38
0.9434335797111233
205829.2374135556
4037.062458437738
39
0.9434335797111233
3507117.913376021
68868.11847975553
40
0.9434335797111233
36270422.3299533
711186.9167206639
41
0.9434335797111233
4.510782425768376
1.0133815963004817
42
0.9434335797111233
787.1049627663122
18.728084062148728
43
0.9434335797111233
3.837660552993637
1.0534684999911266
44
0.9434335797111233
10023.095561181106
200.87121022424049
45
0.9434335797111233
828.5137975879852
18.22262433020892
46
0.9434335797111233
31.82845975085852
1.6363457016758007
47
0.9434335797111233
1033286094.4579412
20260519.072581854
48
0.9434335797111233
4536925631.729325
88972598.46152769
49
0.9434335797111233
5524.209803254383
129.6402894243579
0
0.9867586114132336
4883894541.51149
97813511.62260708
1
0.9867586114132336
30346.528615295843
693.927894078296
2
0.9867586114132336
31985.34950085426
635.3075125535149
3
0.9440269738654014
885.8721210793314
24.219705109970974
4
0.591899798430571
1696.28585760958
40.57242894555801
5
0.591899798430571
4647.180401347932
93.62672433761976
6
0.591899798430571
684119.3547771566
13424.92069736996
7
0.591899798430571
112.6792114287046
6.250348541001449
8
0.591899798430571
981.345936637348
39.06690505224697
9
0.591899798430571
390.6547507162061
21.147061017372067
10
0.591899798430571
114.90206905647231
8.455346256015298
11
0.591899798430571
306.27834658980595
10.250436588464645
12
0.591899798430571
57412.29069581868
1127.1662537758255
13
0.591899798430571
4466.243357671494
174.71022343688264
14
0.591899798430571
283284.1017634711
5559.722469540371
15
0.591899798430571
138515.36953085606
2723.082535880624
16
0.591899798430571
8030.457666892574
337.49353367616015
17
0.5784654436834259
670.3771939658636
18.80548941032243
18
0.5784654436834259
1496951.6995490247
31871.109328622093
19
0.5784654436834259
379.21009912826315
11.614791318273715
20
0.5784654436834259
40648.10444540889
825.5982659993717
21
0.5784654436834259
36696.84700528766
1054.7498909154374
22
0.5784654436834259
529.1524503496917
15.446263152540995
23
0.5784654436834259
2738328.03468413
53697.067203454186
24
0.5784654436834259
120029461.42261067
2353523.3081857096
25
0.5784654436834259
56330291.59776846
1105025.365829931
26
0.5784654436834259
9839.445245405808
221.30782095918082
27
0.5784654436834259
1593157456.5153756
31238394.51175921
28
0.5784654436834259
669208.7034649693
13138.433708699005
29
0.5784654436834259
9408.080854308611
187.84824562168424
30
0.5784654436834259
421.698116063283
14.473800161041325
31
0.5784654436834259
152.65075812329866
5.888123248054087
32
0.5784654436834259
152466.2348715006
3017.5094926355755
33
0.5784654436834259
8424.422292697338
181.99487210501403
34
0.5784654436834259
538.5353979262138
15.884658090963914
35
0.5784654436834259
33999597.08750813
666724.814310309
36
0.5784654436834259
5335.136952938628
107.32840095598867
37
0.5784654436834259
3138.5970881095545
74.50707641437026
38
0.5784654436834259
32303.68627960846
736.7406928877397
39
0.5784654436834259
158360.4975140956
3407.202643759848
40
0.5784654436834259
7926.665765928809
157.08535803567523
41
0.5784654436834259
29582.624879864332
581.7911865389527
42
0.5784654436834259
10879.489436887587
321.566280447011
43
0.5784654436834259
464.57509476675864
21.257997226461878
44
0.5784654436834259
477457.5097448211
9373.794945648488
45
0.5784654436834259
346.64719080290735
14.276504821959282
46
0.5784654436834259
106476.84095768596
3393.573696073801
47
0.5784654436834259
2477443.4309543706
48689.51550676817
48
0.5784654436834259
3163.0465409204417
84.30235669557565
49
0.5784654436834259
18183110719.518753
356531597.66308624
0
1.9464592421529718
132174333.78728752
2655932.783837269
1
1.9464592421529718
428.5363451816486
35.550409627443656
2
1.5171568939773927
2694.029242735721
57.09780158374329
3
1.5171568939773927
261889.52234144168
5138.334758694186
4
1.5171568939773927
853.7004302130258
19.36650505419553
5
1.5081138974923198
461.1678154804995
10.79095264018568
6
1.5081138974923198
4.956613013178639
1.621236969213748
7
0.9438104975270353
7.729235614604808
1.635796937284125
8
0.9438104975270353
878.6645510910828
18.615282885107895
9
0.6873430786905782
64.9033930661731
3.1253884802613032
10
0.6873430786905782
16.26505618321315
1.8100295810693734
11
0.6873430786905782
2794.0195116801306
56.00922190463144
12
0.6873430786905782
933.7076454024067
23.914225976739143
13
0.6873430786905782
55.16397944570859
2.1096028782881113
14
0.6873430786905782
64846.1188418304
1295.1898308386312
15
0.6873430786905782
97.2290866064025
4.39859630876324
16
0.6873430786905782
5.385711526746129
0.8706669461873119
17
0.6873430786905782
96466.3123262084
2017.2883555830945
18
0.6873430786905782
1368561.9469180603
26891.56054534317
19
0.6873430786905782
587.6287592925121
12.332116898294567
20
0.6873430786905782
85962524.95010066
1685689.2322226078
21
0.6873430786905782
53.840387474588745
1.865403148421272
22
0.6873430786905782
885418.8434978116
17387.971088010047
23
0.6873430786905782
46.484002770260396
1.7478971484629438
24
0.6873430786905782
24827.230676737283
487.6777913428739
25
0.6873430786905782
8.733216332566911
1.0813563390015926
26
0.6873430786905782
286.6175228399344
8.284911215782762
27
0.613080370705047
9170.42393666984
180.7875462596669
28
0.613080370705047
11745.346677697655
501.78040082320825
29
0.613080370705047
257.8127888004982
6.19050443678032
30
0.613080370705047
61067.20454886289
1199.4106064193704
31
0.5487982893118097
7.138000726780086
0.8336348975300172
32
0.5487982893118097
568.3198774030858
12.15228081280716
33
0.5487982893118097
94.58619384967007
4.657139856963874
34
0.5487982893118097
14.643570540586106
0.9627442984073518
35
0.5487982893118097
41612.40172143246
828.7281459574268
36
0.5487982893118097
321.4796845194791
11.134645366195167
37
0.5315776137201877
42.66191734245067
1.8754943415771697
38
0.5315776137201877
12798644.85913093
258368.9312395938
39
0.5315776137201877
36599.96347589752
1057.5130841697496
40
0.5315776137201877
5426.021576563929
109.17166976613603
41
0.5315776137201877
2399.3895432209442
47.82124794679732
42
0.5315776137201877
24.22764544492204
1.124928204120074
43
0.5315776137201877
265.3136340165536
7.952890153816247
44
0.5315776137201877
107.01700296593175
2.862665615849194
45
0.5315776137201877
46.635719592961834
1.8360857829634347
46
0.4555413621874165
10865.496291423642
215.9451612757479
47
0.4555413621874165
176.11685604861245
9.531046269136802
48
0.4555413621874165
10.806316786629017
0.7871812272899238
49
0.4555413621874165
47.014446292401495
2.074778765561144
0
1.0790943362708403
322788018.36981237
7177439.647091028
1
1.0790943362708403
7664.97655456365
165.87060068361933
2
1.0790943362708403
13555.534688646372
269.073296539681
3
1.0790943362708403
3.7548107240276916
1.5786130566879124
4
1.0790943362708403
1.1762980617075876
1.0886241132744436
5
1.0790943362708403
1.0790943362708403
1.0790943362708412
6
1.0790943362708403
1.0790943362708403
1.0790943362708412
7
1.0790943362708403
1.0790943362708403
1.0790943362708412
8
1.0790943362708403
1.0790943362708403
1.0790943362708412
9
1.0790943362708403
1.0790943362708403
1.0790943362708412
10
1.0790943362708403
1.0790943362708403
1.0790943362708412
11
1.0790943362708403
1.0790943362708403
1.0790943362708412
12
1.0790943362708403
1.0790943362708403
1.0790943362708412
13
1.0790943362708403
1.0790943362708403
1.0790943362708412
14
1.0790943362708403
1.0790943362708403
1.0790943362708412
15
1.0790943362708403
1.0790943362708403
1.0790943362708412
16
1.0790943362708403
1.0790943362708403
1.0790943362708412
17
1.0790943362708403
1.0790943362708403
1.0790943362708412
18
1.0790943362708403
1.0790943362708403
1.0790943362708412
19
1.0790943362708403
1.0790943362708403
1.0790943362708412
20
1.0790943362708403
1.0790943362708403
1.0790943362708412
21
1.0790943362708403
1.0790943362708403
1.0790943362708412
22
1.0790943362708403
1.0790943362708403
1.0790943362708412
23
1.0790943362708403
1.0790943362708403
1.0790943362708412
24
1.0790943362708403
1.0790943362708403
1.0790943362708412
25
1.0790943362708403
1.0790943362708403
1.0790943362708412
26
1.0790943362708403
1.0790943362708403
1.0790943362708412
27
1.0790943362708403
1.0790943362708403
1.0790943362708412
28
1.0790943362708403
1.0790943362708403
1.0790943362708412
29
1.0790943362708403
1.0790943362708403
1.0790943362708412
30
1.0790943362708403
1.0790943362708403
1.0790943362708412
31
1.0790943362708403
1.0790943362708403
1.0790943362708412
32
1.0790943362708403
1.0790943362708403
1.0790943362708412
33
1.0790943362708403
1.0790943362708403
1.0790943362708412
34
1.0790943362708403
1.0790943362708403
1.0790943362708412
35
1.0790943362708403
1.0790943362708403
1.0790943362708412
36
1.0790943362708403
1.0790943362708403
1.0790943362708412
37
1.0790943362708403
1.0790943362708403
1.0790943362708412
38
1.0790943362708403
1.0790943362708403
1.0790943362708412
39
1.0790943362708403
1.0790943362708403
1.0790943362708412
40
1.0790943362708403
1.0790943362708403
1.0790943362708412
41
1.0790943362708403
1.0790943362708403
1.0790943362708412
42
1.0790943362708403
1.0790943362708403
1.0790943362708412
43
1.0790943362708403
1.0790943362708403
1.0790943362708412
44
1.0790943362708403
1.0790943362708403
1.0790943362708412
45
1.0790943362708403
1.0790943362708403
1.0790943362708412
46
1.0790943362708403
1.0790943362708403
1.0790943362708412
47
1.0790943362708403
1.0790943362708403
1.0790943362708412
48
1.0790943362708403
1.0790943362708403
1.0790943362708412
49
1.0790943362708403
1.0790943362708403
1.0790943362708412
0
1.893606069357213
30784308319.592003
641978254.8965402
1
1.637692671913561
468.6957512947521
16.35412614458656
2
1.637692671913561
7354.732405830078
146.83738533938183
3
1.3237633789254915
4.234610287870355
2.1342588962933404
4
1.3237633789254915
2395.4430826107628
111.24439755392648
5
1.068034107236347
25.51586457759634
3.01520410604547
6
1.068034107236347
169426.1472183688
3325.9069391612466
7
1.068034107236347
95.5596793144241
3.8230812753954497
8
1.068034107236347
5565103.3666751515
109120.99601144592
9
1.068034107236347
283.62057815261477
6.622009455002869
10
1.068034107236347
37.39066389764136
2.0591979048202123
11
1.068034107236347
3.7538724025662504
1.2251956268440614
12
1.068034107236347
7.532258452347092
1.5161717728223016
13
1.068034107236347
279.2748959312639
6.604713060486222
14
1.068034107236347
3.7559557249989566
1.1863084504780737
15
1.068034107236347
5.1202537184045624
1.2486572401953553
16
1.068034107236347
219.30218127801314
5.634833251405364
17
1.068034107236347
169.5418284849025
4.614143284104656
18
1.068034107236347
1162.1890059486134
23.842088268141428
19
1.0591476158308082
44.84506001807422
2.229359597953063
20
1.0591476158308082
3.8761086121866777
1.3027198695851907
21
1.0591476158308082
27.493317252667953
2.0260307148573378
22
1.0591476158308082
24021.749923512172
475.4130326611193
23
1.0591476158308082
3.7269620973939195
1.2503989421230637
24
1.0591476158308082
9.920463804014338
1.5328266173063902
25
1.0591476158308082
8774.604497287468
332.451491724378
26
1.0591476158308082
3.913955003258716
1.2576715896100266
27
1.0591476158308082
638.0503557616065
14.03545036992765
28
1.0591476158308082
7.388030453237434
1.3974585912267266
29
1.0591476158308082
5788.237370125249
116.12243453068992
30
1.0591476158308082
39.207991801425855
2.2016585996515414
31
1.0591476158308082
1160240.4998740465
22751.899274010426
32
1.0591476158308082
4.397892606591733
1.2784663634432294
33
1.0591476158308082
4.5851939645506485
1.2693830200954432
34
1.0591476158308082
2065824.8213096433
40509.28276324826
35
1.0591476158308082
194.93129262269312
6.432005937110274
36
1.0591476158308082
2128938.571672838
41745.31535596067
37
1.0591476158308082
8656.564593004809
187.24657871929423
38
1.0591476158308082
386.8357886775353
10.227217824366047
39
1.0591476158308082
6.0919310012471595
1.3547202878477023
40
1.0591476158308082
9.20884156498159
1.4626851751516896
41
1.0591476158308082
176.39687344850168
4.694236965994845
42
1.038012625109043
1710.1450387064353
49.042863094741776
43
1.038012625109043
33.7481653922876
1.9724331126107666
44
1.038012625109043
14078139.186652966
276043.3041359817
45
1.038012625109043
3.7589896715818605
1.1021398173686257
46
1.038012625109043
114.65883245096065
4.205836130387515
47
1.038012625109043
3.913955003258716
1.2001557052872405
48
1.038012625109043
4.859528302692493
1.2192044558463564
49
1.038012625109043
125100.68764697749
2454.1368334379854
0
2.3811257512846864
6019009895.143269
121115036.11432278
1
2.3811257512846864
232.4005718117873
27.00501445602824
2
2.3811257512846864
49.11480467231247
4.301131124403856
3
2.2661669985267605
4524.880649153194
96.09478287459355
4
1.2146395941942905
64.38613447166
4.431775169308489
5
1.2104816714486248
133.26614112570908
5.066081711669747
6
1.2104816714486248
4239.231156330113
163.94201502783875
7
1.0498349280159975
508.5916694699517
17.807287206669542
8
1.0498349280159975
328.1442736207908
12.504537149816942
9
1.0498349280159975
788.673389348693
17.230433881728576
10
1.0498349280159975
24925.161163193512
494.29198255846916
11
1.0498349280159975
72.14455697494496
3.345855288848628
12
1.0498349280159975
10.587749713020097
1.5720258461993513
13
1.0498349280159975
8593.046149478248
181.52673612952748
14
1.0498349280159975
5025.597696676625
104.07546308250458
15
1.0498349280159975
490.690769384528
19.621823883181712
16
1.0498349280159975
418.60132645064635
15.079951080292483
17
1.0498349280159975
13976.968092212097
276.1842890049584
18
1.0498349280159975
884.305857293141
31.801464830047685
19
1.0498349280159975
573.4776713839415
23.090068202420042
20
1.0468031533759377
174.36667167585426
5.2001975821207305
21
1.0468031533759377
34.184501094754246
2.299856301245176
22
1.0468031533759377
30.904218324709564
2.467343557192054
23
1.0468031533759377
684.2182692177792
18.319081357039465
24
1.0468031533759377
40.110961371106555
2.438693120995333
25
1.0347960638990334
77.59993614059988
3.658331759559546
26
1.0347960638990334
1851.4120117266336
41.045192908753585
27
1.0347960638990334
1632.2325522632423
33.3435036520862
28
1.0347960638990334
188.63138292608073
5.604797215149482
29
1.0347960638990334
43.84583361806606
2.35152411206297
30
1.0347960638990334
267.4316699760909
7.442097725710359
31
1.0347960638990334
572.8606060927872
12.796653223735362
32
1.0347960638990334
120.53823697988281
6.662355157689097
33
1.0347960638990334
142859.72405839816
2803.985502198067
34
1.0347960638990334
192.6411845201695
5.42044251572875
35
1.0347960638990334
18.224186177809845
1.993936351143152
36
1.0347960638990334
6.667984962829415
1.4329221218920105
37
1.0347960638990334
219.65794498984724
6.336177156805271
38
1.0347960638990334
4.111302988991868
1.3872574123481232
39
0.8717548114040973
5.132086101064562
1.3402918204389802
40
0.8717548114040973
1444.8765100771006
29.86039110670327
41
0.8717548114040973
24067.96954413824
494.02296173839983
42
0.8717548114040973
455.854109458043
12.859793051933957
43
0.8717548114040973
47.819138356346016
3.772675566343539
44
0.8717548114040973
4.098829959552899
1.1427636740225255
45
0.8717548114040973
90.74456195559138
3.2291834352168025
46
0.8717548114040973
199.96078794341585
5.830877916609486
47
0.8717548114040973
969.7365475921677
33.08352726783514
48
0.8717548114040973
142.56762453711545
4.601645502592401
49
0.8717548114040973
33.671866203152995
3.317919291882274
0
1.402420880592043
2242679261.585778
45560530.639882974
1
1.402420880592043
4524.865329664692
370.82197170173646
2
1.402420880592043
284.7173772870587
12.49697555827565
3
1.402420880592043
1177.4247719496016
35.395565073496186
4
1.402420880592043
154.4059702370964
5.380657733468615
5
1.402420880592043
231.50587979756594
7.090044753016697
6
1.402420880592043
541.0866696716973
14.389422412091983
7
1.402420880592043
414.6433969884855
14.17267888003703
8
1.402420880592043
3659.630045158517
73.92599359089758
9
1.402420880592043
26.71841405966786
2.1889252762974474
10
1.402420880592043
2394.404595873066
48.505102107975496
11
1.402420880592043
46.93870321510202
2.9524955196797804
12
1.402420880592043
8.33899912360148
2.099686433404184
13
1.402420880592043
3.859330171612929
1.672161628603221
14
1.402420880592043
7.460799259328238
1.8984813226302686
15
1.402420880592043
3328409.67054107
65272.356234457584
16
1.402420880592043
1784.256649279905
37.27271414312216
17
1.402420880592043
11725.901192415899
247.0447238815446
18
1.402420880592043
6.167532925310744
1.6340425748941585
19
1.402420880592043
106.0838439532046
4.220337557506049
20
1.402420880592043
371.3099006304995
10.138627038675255
21
1.402420880592043
393.64630724906806
9.788104266139898
22
1.402420880592043
16584.189243070785
329.13912926493896
23
1.402420880592043
63.84764830869707
2.7350661715587195
24
1.402420880592043
3677.565974141445
74.15236555509658
25
1.402420880592043
44.70829088608563
2.702004943725279
26
1.402420880592043
3.753386425186072
1.6920027369001767
27
1.402420880592043
574.198361575152
12.926123804683526
28
1.1430962795224875
16.604994668067413
2.0432919481387026
29
1.1430962795224875
28.21535343803123
2.161230950170882
30
1.1430962795224875
10.600100429099982
1.6458669690114736
31
1.1430962795224875
86.61221243861844
3.097955319035855
32
1.1430962795224875
164.1519066691227
4.802564600214776
33
1.1430962795224875
601035.6696394639
11786.686339657548
34
1.1430962795224875
36.42693172657515
2.383117981449337
35
1.1430962795224875
4.852185060220221
1.4744778461019046
36
1.1430962795224875
63.706800023176015
2.760802223466672
37
1.1430962795224875
428.1857979916542
10.151529661412875
38
1.1430962795224875
21.248650254814176
1.7729924531192331
39
1.1430962795224875
190377.41473780375
3734.343822494362
40
1.1430962795224875
95.88473200706375
4.653489690067933
41
1.1430962795224875
7632.578479717943
151.71270803288806
42
1.1430962795224875
392.77826287536715
12.454439009932617
43
1.1430962795224875
13941.003195584393
274.9191258845008
44
1.1430962795224875
46439.29417247287
911.7622099622444
45
1.1430962795224875
16858.59639005119
336.13521124256874
46
1.1430962795224875
2001.3566715095117
40.87249154256293
47
1.1430962795224875
8099903.302358054
158830.642391349
48
1.1430962795224875
1162.2557142832843
24.258757501847256
49
1.1430962795224875
937317.4195074143
34408.766404184884
0
2.1359788679098948
435148.8258967582
9436.962436342685
1
2.1359788679098948
175.62516475935007
12.196676437306566
2
2.1359788679098948
95.451137936411
5.550396848856547
3
1.9720163771255268
195.4708952518318
10.578702750433774
4
1.9720163771255268
6460.644457908134
242.6133298375931
5
1.9720163771255268
47001.03173003797
941.069692998392
6
1.879821320713571
847.7132898639327
38.24268595632392
7
1.1220252613062303
6.285763626253984
2.0852899948225296
8
1.1220252613062303
986.0190043934765
21.289584938610844
9
1.1220252613062303
3.3869451040825274
1.8265857616951748
10
1.1220252613062303
55.47227845105706
2.919791380990957
11
1.1220252613062303
1234.5547646922632
26.526235282472364
12
0.9717350092612042
2083.188425414155
71.48883763683234
13
0.9717350092612042
226324.061709462
4439.19736697351
14
0.9717350092612042
16.68721287548486
1.518109446389311
15
0.9717350092612042
10.509914042959123
1.404825103258829
16
0.9717350092612042
4707.406207409399
93.27833882134944
17
0.9717350092612042
6.020943461392207
1.1780122195584617
18
0.9717350092612042
31.195696701618246
2.0640399346894496
19
0.9717350092612042
21.441533854649933
1.6034030732245814
20
0.9465508898912841
687511.2328668919
13481.98423542787
21
0.9465508898912841
4.010247111352308
1.2586207377741494
22
0.9465508898912841
55.478649887723314
2.09455138371503
23
0.9465508898912841
10.809172474319045
1.332168072096546
24
0.9465508898912841
6.085899426966435
1.0596433827687453
25
0.9465508898912841
5029.206849077549
100.26869951884032
26
0.7804999567300401
19.96932048487136
1.841053822006728
27
0.7804999567300401
509.8603705821572
12.692750263521923
28
0.7804999567300401
3.5883602510081096
1.0676676148301905
29
0.7804999567300401
568.271299969248
13.348048885498738
30
0.7804999567300401
9.546386238640045
1.220751854454421
31
0.7804999567300401
55.47227845105706
1.9725651155921613
32
0.7804999567300401
4569.032182440194
138.4852002468104
33
0.7804999567300401
4639.937263167995
91.99277501710591
34
0.7804999567300401
1577.2489593766643
38.812202019186074
35
0.7804999567300401
5.859418005947749
1.0458141138623849
36
0.7804999567300401
6.3462740636242145
1.0733613627923877
37
0.7804999567300401
1147.0679959255765
24.11742725377057
38
0.7804999567300401
4581.15515649446
91.40668990623956
39
0.7804999567300401
16646.249629308175
372.6872928458908
40
0.7804999567300401
129.36156671841093
4.266644060334153
41
0.7804999567300401
65988.31865788068
1380.0326832977732
42
0.7804999567300401
113.63775269422837
5.737403680591135
43
0.7804999567300401
2501913.9123790674
49058.11875649851
44
0.7804999567300401
514.428432927293
12.061752279108546
45
0.7804999567300401
139709.8991874612
3031.319218696218
46
0.7804999567300401
258.5344370947552
6.431238603303021
47
0.7804999567300401
7267.302897662945
152.51098407318852
48
0.7804999567300401
118.47817976456966
3.4043566645913015
49
0.7804999567300401
287.56724116931224
6.64995528871914
0
1.1941988181529837
4360867.100448939
134203.62000173685
1
1.1941988181529837
399.5897813542976
27.82265359940552
2
1.1941988181529837
2900.0034216851946
92.15541703873492
3
1.1941988181529837
80999070.89701219
1588790.2310855729
4
1.1941988181529837
192636707781.44473
3777190364.4882956
5
1.1941988181529837
28358864.00162738
1103350.0778737294
6
1.1941988181529837
21811798.591070775
428814.4233734859
7
1.1941988181529837
9400198.609966513
184396.75984005985
8
1.1941988181529837
11744222.768035403
234954.312657933
9
1.1941988181529837
58682230.62297652
1155157.1406314767
10
1.1941988181529837
159.40963314962454
5.985624251335046
11
1.1941988181529837
1136117.2173397408
25717.794941434964
12
1.1941988181529837
73599.66978192428
1849.0466318054775
13
1.1941988181529837
11396.0452119959
253.2823933443289
14
1.1941988181529837
4236.736890983407
212.95379811257868
15
1.1941988181529837
5050.148690179383
151.46235668063616
16
1.1941988181529837
7847100.38398394
155306.90171176835
17
1.1763708680922977
41742778.19703591
818782.547407906
18
1.1763708680922977
490081018.3832958
9769011.178410519
19
1.1763708680922977
11196.553405349607
243.07369084706642
20
1.1763708680922977
15451.550956719437
500.6694628093621
21
1.1763708680922977
19345.569254860657
603.2599801451925
22
1.1763708680922977
1502.141531314369
37.22290589648353
23
1.1763708680922977
208080.46907323864
8655.107925557139
24
1.1763708680922977
1600.7485250638654
73.79997044134062
25
1.1763708680922977
85218.54949349524
1981.4995797822282
26
1.1763708680922977
3052.20425549047
72.55851174111227
27
1.1763708680922977
6082.1072174674555
128.66107103610994
28
1.1763708680922977
5461339.23969884
107189.0690339535
29
1.1763708680922977
1102.8358882922166
49.589472206018286
30
1.1763708680922977
3678434133.474198
72129522.51322684
31
1.1763708680922977
85218.54949349524
1950.2271651471908
32
1.1763708680922977
86088991.08304799
1688033.7867362157
33
1.1763708680922977
213004.40358102447
4209.015589518485
34
1.1763708680922977
43230.77063857326
1208.687375210455
35
1.1763708680922977
898432.2617759575
27202.40028784958
36
1.1763708680922977
477358.85720412905
9475.5773246594
37
1.1763708680922977
85218.54949349524
2141.1750048782746
38
1.1763708680922977
510.32188439043233
13.624998314883337
39
1.1763708680922977
522246.73428618105
12132.769381315484
40
1.1763708680922977
134388.44724811846
2696.984001527747
41
1.1763708680922977
103915.28142978816
2110.6852591853535
42
1.1763708680922977
4159.634474742207
98.91203220273768
43
1.1763708680922977
85218.54949349524
1758.733311767698
44
0.9541117410245376
15842042.635920525
351171.8686797478
45
0.9541117410245376
41915549.68569449
1073213.9756271276
46
0.9541117410245376
255677.80094059173
7884.536793446969
47
0.9541117410245376
448.1099938035119
18.715988093683347
48
0.9541117410245376
688.2723275744864
22.955862650879844
49
0.9541117410245376
275670.42071172065
5618.894795534483
0
1.4754158461353188
1551569770.8877316
31919279.232509438
1
1.4754158461353188
8609.715105937597
383.35696402541333
2
1.4754158461353188
64.96579647456936
6.186414702413601
3
1.4754158461353188
41.4468887704435
3.256468559415255
4
1.4463374965846163
188.38522740801034
7.964854867452014
5
1.4463374965846163
4.3831066216397305
1.7471005211637531
6
1.3875440147317835
221.22549314777802
6.065833230508858
7
1.3827453732598782
414.0033494477438
10.178289689256305
8
1.3827453732598782
4.232584542734541
1.5495918169062781
9
1.3827453732598782
5384.3463523478895
114.48647887921848
10
1.375954482721216
643.4462941105688
14.487747365540802
11
1.375954482721216
6.272556888758493
1.6153456868703941
12
1.375954482721216
5.653115272187828
1.6910523108910795
13
1.375954482721216
1602.1686616748316
33.918233902107126
14
1.375954482721216
4.398517025564184
1.530731392545049
15
1.1220252613062303
14.756341750582031
1.8261425358875663
16
1.1220252613062303
18.280298607182587
1.8880273297256809
17
1.1220252613062303
55.32067522493508
3.3457015179571936
18
1.1220252613062303
4525.051554434515
99.73717340754362
19
1.1220252613062303
379138.01159755694
7438.361544130778
20
1.0611846154354074
54.60371716040064
2.4096017023671576
21
1.0611846154354074
58006.89767559376
1950.884042217082
22
1.0611846154354074
63.98211081822724
4.857786868958045
23
1.0611846154354074
350.12341356696317
11.567363387640574
24
1.0611846154354074
88.24428231043952
3.9160208917064767
25
1.0611846154354074
4.153635379808742
1.3536854224769639
26
1.0611846154354074
4747.005429384633
94.32434276211953
27
1.0611846154354074
4100.595939304359
84.09948808166156
28
1.0611846154354074
55.52535706627368
3.276295810408527
29
1.0611846154354074
12.928471415513402
1.579416876869317
30
1.0611846154354074
511.54466913263894
15.0514878595354
31
1.0611846154354074
54.76321665889894
3.1205263979310636
32
1.0611846154354074
1131.112626357243
24.52425652189523
33
1.0611846154354074
46.92309623283668
2.2229889586873393
34
0.8168943209472325
27.550022958759627
1.839899335719235
35
0.8168943209472325
3.0979304787013113
1.140607785764938
36
0.8168943209472325
164.47388062482557
4.378163266078361
37
0.8168943209472325
35346.62801278351
694.0847096009002
38
0.8168943209472325
4.521668419799036
1.193026395204199
39
0.8168943209472325
3.640125534893913
1.0490064583303425
40
0.8168943209472325
6.2462805958704815
1.413707900148977
41
0.8168943209472325
51.00233244528772
2.413655791869254
42
0.8168943209472325
36861.57539408876
902.6566447437111
43
0.8168943209472325
8.498230837914774
1.1545823649532578
44
0.8168943209472325
4158.484718094404
83.30382525583845
45
0.8168943209472325
16486.22836771041
324.1827723399379
46
0.8168943209472325
42884.19982894047
841.9394803756813
47
0.8168943209472325
88240.06088458581
1731.383643966163
48
0.8168943209472325
469.61280591098676
10.613102442215412
49
0.8168943209472325
26.097917287567604
1.6507728836755544
0
1.8302080954682594
25936601.776080575
1214850.7606644265
1
1.8302080954682594
576.9462924087107
29.61262148904041
2
1.8302080954682594
4.112813261013466
3.0489452091888216
3
1.8302080954682594
3.8220956348234383
2.5541362667112173
4
1.8302080954682594
5.065986443468214
2.2470836839785258
5
1.8302080954682594
3.8220956348234383
1.945114016706393
6
1.8302080954682594
83495.58722902938
1639.4554627575537
7
1.8302080954682594
3.838052913460917
1.869577601703411
8
1.8302080954682594
4.829504576730638
2.021734223518513
9
1.8302080954682594
3.670163273031019
1.8662856479694916
10
1.8302080954682594
320.727315349464
8.39065579501351
11
1.8302080954682594
4.939724877527659
1.96596776438572
12
1.8302080954682594
1975.712265386277
40.69703314038432
13
1.8302080954682594
3.8914965847070775
2.035422154133049
14
1.365456895370235
28.599221032734146
2.515987562554589
15
1.365456895370235
23.3145710602744
2.3946371541118103
16
1.365456895370235
31.958190537150927
2.7261067423197742
17
1.365456895370235
3.8914965847070775
1.7463140761860143
18
1.365456895370235
82.48231263860401
3.2939531364527204
19
1.365456895370235
30426.98544068009
598.4680881565101
20
1.365456895370235
3.7527902033315113
1.5046742841970286
21
1.365456895370235
1.365456895370235
1.3654568953702357
22
1.365456895370235
7.009785197297225
1.7129564296953095
23
1.365456895370235
3.7620394647237356
1.459260671625272
24
1.365456895370235
3.7526609440067364
1.505228357442218
25
1.365456895370235
650.6175779111738
18.614332106194407
26
1.365456895370235
37810334.61140434
741380.6740396196
27
1.365456895370235
11.940757968346094
1.8324070027329038
28
1.365456895370235
3.8914965847070775
1.5087828972465256
29
1.365456895370235
3.7527598187513336
1.412266756613002
30
1.365456895370235
3.7527026864556454
1.4576819623584436
31
1.365456895370235
8.63069309770025
1.5079125071806272
32
1.365456895370235
3.8914965847070775
1.5087435186390192
33
1.365456895370235
673.0397655021953
14.89646685136541
34
1.365456895370235
43.61423733743239
2.9466465401114497
35
1.365456895370235
7088.182297075461
140.4162153392068
36
1.365456895370235
3.7527239835586457
1.4587791780664179
37
1.2429151413012047
3.8832317036577244
1.4592170314894881
38
1.2429151413012047
4.952187025101611
1.67756619929611
39
1.219658270360031
4.388622908862181
1.5506511281577455
40
1.219658270360031
48.61303906524441
2.7786447549601316
41
1.219658270360031
3.8914965847070775
1.42897555852168
42
1.219658270360031
4.984357567450925
1.3967947686586482
43
1.219658270360031
3.752796456575251
1.3164944687593925
44
1.219658270360031
4.915593031107774
1.5467842320856178
45
1.219658270360031
47316.99474005853
929.2659929367361
46
1.219658270360031
8391.443220600053
165.73384576702065
47
1.219658270360031
7.65309301726705
1.4424912593372994
48
1.219658270360031
14.319827156239395
1.8462628714183817
49
1.219658270360031
5010.6924566159605
99.61375476267614
0
2.7943721492688325
605381200.8238785
14509720.71341571
1
2.7943721492688325
5862.738587128492
212.7719056579574
2
2.7943721492688325
633.8141136620233
15.775386761774904
3
2.7943721492688325
3.0304203156111056
2.8128857309427393
4
2.7943721492688325
2.7943721492688325
2.7943721492688347
5
2.7943721492688325
2.7943721492688325
2.7943721492688347
6
2.7943721492688325
2.7943721492688325
2.7943721492688347
7
2.7943721492688325
2.7943721492688325
2.7943721492688347
8
2.7943721492688325
2.7943721492688325
2.7943721492688347
9
2.7943721492688325
2.7943721492688325
2.7943721492688347
10
2.7943721492688325
2.7943721492688325
2.7943721492688347
11
2.7943721492688325
2.7943721492688325
2.7943721492688347
12
2.7943721492688325
2.7943721492688325
2.7943721492688347
13
2.7943721492688325
2.7943721492688325
2.7943721492688347
14
2.7943721492688325
2.7943721492688325
2.7943721492688347
15
2.7943721492688325
2.7943721492688325
2.7943721492688347
16
2.7943721492688325
2.7943721492688325
2.7943721492688347
17
2.7943721492688325
2.7943721492688325
2.7943721492688347
18
2.7943721492688325
2.7943721492688325
2.7943721492688347
19
2.7943721492688325
2.7943721492688325
2.7943721492688347
20
2.7943721492688325
2.7943721492688325
2.7943721492688347
21
2.7943721492688325
2.7943721492688325
2.7943721492688347
22
2.7943721492688325
2.7943721492688325
2.7943721492688347
23
2.7943721492688325
2.7943721492688325
2.7943721492688347
24
2.7943721492688325
2.7943721492688325
2.7943721492688347
25
2.7943721492688325
2.7943721492688325
2.7943721492688347
26
2.7943721492688325
2.7943721492688325
2.7943721492688347
27
2.7943721492688325
2.7943721492688325
2.7943721492688347
28
2.7943721492688325
2.7943721492688325
2.7943721492688347
29
2.7943721492688325
2.7943721492688325
2.7943721492688347
30
2.7943721492688325
2.7943721492688325
2.7943721492688347
31
2.7943721492688325
2.7943721492688325
2.7943721492688347
32
2.7943721492688325
2.7943721492688325
2.7943721492688347
33
2.7943721492688325
2.7943721492688325
2.7943721492688347
34
2.7943721492688325
2.7943721492688325
2.7943721492688347
35
2.7943721492688325
2.7943721492688325
2.7943721492688347
36
2.7943721492688325
2.7943721492688325
2.7943721492688347
37
2.7943721492688325
2.7943721492688325
2.7943721492688347
38
2.7943721492688325
2.7943721492688325
2.7943721492688347
39
2.7943721492688325
2.7943721492688325
2.7943721492688347
40
2.7943721492688325
2.7943721492688325
2.7943721492688347
41
2.7943721492688325
2.7943721492688325
2.7943721492688347
42
2.7943721492688325
2.7943721492688325
2.7943721492688347
43
2.7943721492688325
2.7943721492688325
2.7943721492688347
44
2.7943721492688325
2.7943721492688325
2.7943721492688347
45
2.7943721492688325
2.7943721492688325
2.7943721492688347
46
2.7943721492688325
2.7943721492688325
2.7943721492688347
47
2.7943721492688325
2.7943721492688325
2.7943721492688347
48
2.7943721492688325
2.7943721492688325
2.7943721492688347
49
2.7943721492688325
2.7943721492688325
2.7943721492688347
0
0.4352702800978741
2931998354.399359
61583164.31705377
1
0.4352702800978741
4524.865329664692
134.61613788738478
2
0.4352702800978741
310396.0170323878
6143.602556842232
3
0.4352702800978741
21.794106373917675
1.9033526308198692
4
0.4352702800978741
54.093103030018796
3.179636728625593
5
0.4352702800978741
825.3987290596641
21.987734304031456
6
0.4352702800978741
312.0314663672221
6.832124697997501
7
0.4352702800978741
1697923.731542141
33370.371329423295
8
0.4352702800978741
109.67035050411842
4.367821376951869
9
0.4352702800978741
37.072808903858764
1.8460557573228868
10
0.4352702800978741
574.0468379163881
12.802205028523622
11
0.4352702800978741
41235.3496838673
809.5472227641225
12
0.4352702800978741
38.14441836565404
1.3212113234089913
13
0.4352702800978741
1036.5119881910232
38.33190655196973
14
0.4352702800978741
54.21626014812265
1.9822557227609545
15
0.4352702800978741
275943.7142585423
5415.070618416742
16
0.4352702800978741
164.55706007820058
4.977002056460785
17
0.4352702800978741
15.651237206986785
0.8705581484950196
18
0.4352702800978741
43671.73994094286
1349.47993026776
19
0.4352702800978741
970.6802759982336
23.720212319290123
20
0.4352702800978741
436.7522817885186
9.457429716771916
21
0.4352702800978741
220.33958209505514
8.677458084616948
22
0.4352702800978741
413.10841079630086
8.9268640774874
23
0.4352702800978741
2751.5819429193843
54.49836638957988
24
0.4352702800978741
1111.100015355887
27.39183175429731
25
0.4352702800978741
213.88864715681484
6.007695800487184
26
0.4352702800978741
9406.310382739415
220.50135313792134
27
0.4352702800978741
1810.8500464165727
37.00342419651486
28
0.4352702800978741
950.0000316808853
25.36907852954821
29
0.4352702800978741
5.636320601454752
0.7152382971740338
30
0.4352702800978741
31.74662709450384
1.7354390362809498
31
0.4352702800978741
3.7766689050840125
0.5643365063102618
32
0.4352702800978741
13635.272240955368
445.5767187665863
33
0.4352702800978741
26336.772810786846
520.8988723594468
34
0.4352702800978741
232.50642695680315
7.628640013467414
35
0.4352702800978741
99.95039080062158
2.6209136870658107
36
0.4352702800978741
9.90449062383546
0.7000431169571603
37
0.4352702800978741
270.6976435590823
8.744712485409202
38
0.4352702800978741
6410.60785116734
128.69022794204113
39
0.4352702800978741
4556600.003020878
89350.43800767096
40
0.4352702800978741
167.6693180716809
4.853528378611065
41
0.4352702800978741
2389.4032548128716
50.06546933663028
42
0.4352702800978741
20.541371564260544
1.7128957359374775
43
0.4352702800978741
373.1856047286258
8.959940577363202
44
0.4352702800978741
52.5778397716054
2.015315498589528
45
0.4352702800978741
619.9103690882428
12.62977655569517
46
0.4352702800978741
2876.110166734243
57.324813545368286
47
0.4352702800978741
74.13293123930431
2.188009755799534
48
0.4352702800978741
453474.88549806614
8895.488833579704
49
0.4352702800978741
2166.3346815577047
42.978585068402275
0
1.2842383088530327
18678758755.822887
375202399.91406894
1
1.2842383088530327
170423.60935495872
3409.6068520073472
2
1.2842383088530327
60.26003031849895
3.8805263411171476
3
1.2842383088530327
6.546742959511346
1.92893263230024
4
1.2842383088530327
25.150972718815265
2.18842654715118
5
1.2842383088530327
4.909822406825271
1.4009908112610208
6
1.2842383088530327
3.763487304206274
1.3801468188800992
7
1.2842383088530327
210.84453132439032
5.44214919594278
8
1.2842383088530327
36.93333764081717
2.214741081556554
9
1.2842383088530327
3441.1119609293214
69.4617918742922
10
1.2842383088530327
175.17908792069838
5.583976928648548
11
1.2842383088530327
2004.9646611804542
55.32414930720825
12
1.2842383088530327
52.50785901111383
2.5499236504933016
13
1.2842383088530327
64.7393591840595
2.9139055523844877
14
1.0605942868676386
4.0660222568014035
1.432557561632087
15
1.0605942868676386
886152.0747287968
20920.071156531998
16
1.0605942868676386
85.74975209303715
3.2708745096215264
17
1.0605942868676386
7.106816646358379
1.4028386642732735
18
1.0605942868676386
3.760070690098604
1.2629879388911114
19
1.0605942868676386
429.9616255920881
16.951961083552266
20
1.0605942868676386
4410.535817970182
116.25405915108112
21
1.0605942868676386
7281.71129438535
144.6970326580008
22
1.0605942868676386
392.2311184046558
12.66173886071306
23
1.0605942868676386
949.9301358408421
20.108819014754232
24
1.0605942868676386
39.59165868206169
1.9933571418720168
25
1.0605942868676386
276434.45968541066
5421.3840845188415
26
1.0605942868676386
31229.657505803658
613.6193476953422
27
1.0605942868676386
9.802066675978097
1.3494258602740967
28
1.0605942868676386
10.33014960775096
1.4033661742191565
29
1.0605942868676386
111.14285903812141
3.6352700328154333
30
1.0605942868676386
605141.8586629246
11869.550415695378
31
1.0605942868676386
3.86516597643329
1.1643433925419553
32
0.9301343253852118
84740.02795739354
1854.483666967551
33
0.9301343253852118
214.63972336841152
7.884217170680587
34
0.9301343253852118
27.877518097470965
3.0975617642565556
35
0.9301343253852118
130725.4004917746
2564.355845771933
36
0.9301343253852118
5804278.678782424
114899.06603949684
37
0.9301343253852118
662.0109731309534
14.101047206705076
38
0.9301343253852118
6.282867344264248
1.1896080917979517
39
0.9301343253852118
25.56956355945978
1.6497105614674101
40
0.9301343253852118
24.2488300580693
1.6882607477568763
41
0.9301343253852118
640.3667105410549
15.413995338777573
42
0.9301343253852118
36.23381449126319
1.7877181469622925
43
0.9301343253852118
160905.51401350938
3156.44856054942
44
0.9301343253852118
2065.4972105115116
42.03555304396592
45
0.9301343253852118
3486651.919150635
68366.87571572796
46
0.9301343253852118
4.1595049930167995
1.2796054276094797
47
0.9301343253852118
1683.7937479777522
34.446188537115965
48
0.9301343253852118
51.645815783269455
2.082996629698721
49
0.9301343253852118
3.914442332948871
1.086738341906255
0
2.46539400564111
330701089.2083558
8768007.313875107
1
2.46539400564111
431.6170873372876
27.72326813851131
2
2.46539400564111
36538090.781811684
739989.1550589732
3
2.46539400564111
11859209.964065168
233119.82692056478
4
2.465384378522833
148633.74912983945
3270.5967557607732
5
2.465384378522833
40869.111430887
2883.502720230836
6
2.465384378522833
403530.8207331367
9123.43744327095
7
2.465384378522833
9366228.625577873
308965.96995325823
8
2.465384378522833
1801996.9976771076
38170.075214836106
9
2.465384378522833
36611.729537154635
2220.033828626152
10
2.465384378522833
42011.828084374305
1103.9238802767534
11
2.176211872634518
229640.00663129595
5412.433636522414
12
1.5866850753253332
348083.87459913606
13416.372999902651
13
1.5866850753253332
42706.82667428496
1042.7667360692546
14
1.5866850753253332
729573.5649120716
25756.423481896607
15
1.5866850753253332
46368.97710042519
2198.8600982530415
16
1.5866850753253332
1228252.7856845227
24207.504487619957
17
1.5163116188431403
106927.91181698407
2297.2515125889113
18
1.5163116188431403
891152.6010296604
27855.63951461839
19
1.5163116188431403
2156040.0538802026
42278.41348528267
20
1.252066219687272
745278.7326249277
16922.38070160356
21
1.2296156898581168
9797.866997261915
317.1305058721238
22
1.13750585544629
24308.94139318131
489.4275882853312
23
1.13750585544629
1935236.853060473
43756.113955368295
24
1.1263821468995643
537382.6247918264
11562.712622591633
25
1.0533839255466855
234544.2866581937
5006.786145482276
26
1.0533839255466855
165370.25725666323
4534.33544861262
27
1.0533839255466855
3779.3424812584008
96.46829212536788
28
1.0533839255466855
28918.694376083018
934.7150021134381
29
1.0533839255466855
974557.7501741826
23941.312003042956
30
1.0533839255466855
227446.62475705054
5208.210722424418
31
1.0533839255466855
648625.3853978842
17706.24048805062
32
1.0533839255466855
31988.254605757975
629.8623675497157
33
1.0533839255466855
5235.266243547788
107.78003200016843
34
1.0533839255466855
35102.18162474713
757.6941386419045
35
1.0533839255466855
1924511.49776513
43964.53327643974
36
1.0533839255466855
127465370.2095463
2538295.824675571
37
1.0533839255466855
2317806.1250295127
73891.98813733867
38
1.0533839255466855
214630.12652443975
4555.606558817514
39
1.0533839255466855
115535.96183267489
6442.944629285278
40
1.0533839255466855
113056.15772547001
2904.4914220258547
41
1.0533839255466855
318947.38079074037
12212.1410929172
42
1.0533839255466855
478926.6056755461
12860.798386689008
43
1.0533839255466855
47849.100897047014
1755.1681110440848
44
1.0533839255466855
157877.47152071356
4241.9068923557625
45
1.0533839255466855
279474.0820492217
17031.92755954346
46
1.0533839255466855
254807.91381165304
14166.734502294094
47
1.0533839255466855
12874148.334427163
257652.75632614113
48
1.0533839255466855
21891.73823006237
1487.60901428767
49
1.023609385294517
46059.08701195183
1462.97871608571
0
1.744372623106962
120047287684781.33
2401002899026.371
1
1.744372623106962
2054.4127661117454
80.68858901268133
2
1.5243994138697492
765.5064667991699
20.801340722726803
3
0.9364316178477131
3.9018389504044397
2.2304207182086455
4
0.9364316178477131
2.61620029990876
1.7573875587968875
5
0.9364316178477131
58.92399088447247
3.669335317384021
6
0.9364316178477131
2.9071083596588596
1.4708008709097278
7
0.9364316178477131
9.389227059238298
1.4452260411568674
8
0.9364316178477131
19096676.195100494
374447.49458355247
9
0.9364316178477131
16.180403964108734
1.2818124287201005
10
0.9364316178477131
63.404128698827066
2.1818655747264866
11
0.9364316178477131
0.9364316178477131
0.936431617847712
12
0.9364316178477131
2633.2029379536275
52.654565976418716
13
0.9364316178477131
136.17452883167076
3.6000797553313215
14
0.9364316178477131
2100.0478911212335
52.721761180486624
15
0.9364316178477131
27345.06454932269
537.1517928969488
16
0.9364316178477131
1349217233.887695
26455240.809337124
17
0.9364316178477131
53.65063204303635
2.0641612368110946
18
0.9364316178477131
17.191834967782526
1.3494015784365851
19
0.9364316178477131
45.12842636254448
1.8161333787280003
20
0.9364316178477131
576077.4540664883
11296.611589879654
21
0.9364316178477131
10.838289228316519
1.1702327907819585
22
0.9364316178477131
18.37172349209747
1.4141837551372152
23
0.9364316178477131
54.78327185356099
2.2181545225365427
24
0.9364316178477131
169.92686460561893
5.489584233606974
25
0.9364316178477131
1137.5719694936963
23.23115054654606
26
0.9364316178477131
89144.74718410909
1756.492712705536
27
0.9364316178477131
207.93989227539814
6.850356498321491
28
0.9364316178477131
2.500416383481609
1.0115829173314084
29
0.9364316178477131
11.196323871660182
1.1835993844747716
30
0.9364316178477131
2.0054673079086314
0.9573931019665535
31
0.9364316178477131
16906735.461689286
331507.6215710619
32
0.9364316178477131
257.34017968068764
6.035487554434817
33
0.9364316178477131
3.796656483450564
1.0240086342377352
34
0.9364316178477131
10.967893518891296
1.2022024829299334
35
0.9364316178477131
7224.0896939682125
142.67630324531228
36
0.9364316178477131
175450.85613903296
3442.932325558354
37
0.9364316178477131
9.804400449635398
1.1197444805187544
38
0.9364316178477131
12.260699593390742
1.2851953164285481
39
0.9364316178477131
7.332198427297103
1.1096934593268664
40
0.9364316178477131
108.79326427681877
3.0977450293293494
41
0.9364316178477131
69.56377248592062
2.399118902981168
42
0.9364316178477131
51.70156008054351
2.0371843594523424
43
0.9364316178477131
30.915532717563945
2.1395149267503974
44
0.9364316178477131
103.35588112856038
3.0489822169131062
45
0.9364316178477131
2.2433724547166483
0.9620579087667107
46
0.9364316178477131
40.26693609241791
1.7667034825575225
47
0.9364316178477131
440.8646147889109
13.790017939694712
48
0.9364316178477131
65232.78798106177
1297.878753777355
49
0.9364316178477131
50006629.6021339
980525.3563314365
0
2.0381461283254962
67267690.72653128
1659875.5735889517
1
2.0381461283254962
305782.1783661177
6019.399439583093
2
2.0381461283254962
58.301631531891104
4.9864313111195395
3
2.0381461283254962
38271.26693954769
752.848195230628
4
2.0381461283254962
3.6308673100415674
2.098505179898554
5
2.0381461283254962
2.0381461283254962
2.038146128325495
6
2.0381461283254962
2.0381461283254962
2.038146128325495
7
2.0381461283254962
2.0381461283254962
2.038146128325495
8
2.0381461283254962
2.0381461283254962
2.038146128325495
9
2.0381461283254962
2.0381461283254962
2.038146128325495
10
2.0381461283254962
2.0381461283254962
2.038146128325495
11
2.0381461283254962
2.0381461283254962
2.038146128325495
12
2.0381461283254962
2.0381461283254962
2.038146128325495
13
2.0381461283254962
2.0381461283254962
2.038146128325495
14
2.0381461283254962
2.0381461283254962
2.038146128325495
15
2.0381461283254962
2.0381461283254962
2.038146128325495
16
2.0381461283254962
2.0381461283254962
2.038146128325495
17
2.0381461283254962
2.0381461283254962
2.038146128325495
18
2.0381461283254962
2.0381461283254962
2.038146128325495
19
2.0381461283254962
2.0381461283254962
2.038146128325495
20
2.0381461283254962
2.0381461283254962
2.038146128325495
21
2.0381461283254962
2.0381461283254962
2.038146128325495
22
2.0381461283254962
2.0381461283254962
2.038146128325495
23
2.0381461283254962
2.0381461283254962
2.038146128325495
24
2.0381461283254962
2.0381461283254962
2.038146128325495
25
2.0381461283254962
2.0381461283254962
2.038146128325495
26
2.0381461283254962
2.0381461283254962
2.038146128325495
27
2.0381461283254962
2.0381461283254962
2.038146128325495
28
2.0381461283254962
2.0381461283254962
2.038146128325495
29
2.0381461283254962
2.0381461283254962
2.038146128325495
30
2.0381461283254962
2.0381461283254962
2.038146128325495
31
2.0381461283254962
2.0381461283254962
2.038146128325495
32
2.0381461283254962
2.0381461283254962
2.038146128325495
33
2.0381461283254962
2.0381461283254962
2.038146128325495
34
2.0381461283254962
2.0381461283254962
2.038146128325495
35
2.0381461283254962
2.0381461283254962
2.038146128325495
36
2.0381461283254962
2.0381461283254962
2.038146128325495
37
2.0381461283254962
2.0381461283254962
2.038146128325495
38
2.0381461283254962
2.0381461283254962
2.038146128325495
39
2.0381461283254962
2.0381461283254962
2.038146128325495
40
2.0381461283254962
2.0381461283254962
2.038146128325495
41
2.0381461283254962
2.0381461283254962
2.038146128325495
42
2.0381461283254962
2.0381461283254962
2.038146128325495
43
2.0381461283254962
2.0381461283254962
2.038146128325495
44
2.0381461283254962
2.0381461283254962
2.038146128325495
45
2.0381461283254962
2.0381461283254962
2.038146128325495
46
2.0381461283254962
2.0381461283254962
2.038146128325495
47
2.0381461283254962
2.0381461283254962
2.038146128325495
48
2.0381461283254962
2.0381461283254962
2.038146128325495
49
2.0381461283254962
2.0381461283254962
2.038146128325495
0
1.112160614162079
232950406.27076474
9913447.601421984
1
1.112160614162079
567.5599044973933
31.2494766750703
2
1.112160614162079
10.842001136018515
2.6556807939519813
3
1.112160614162079
1149.0030978713478
33.564414816324735
4
1.112160614162079
490.8804650794254
12.08259527951771
5
1.112160614162079
93.208653970199
3.1568467367090767
6
1.112160614162079
22.466537766032303
1.638680320686914
7
1.112160614162079
4.127876184727854
1.2809116178015139
8
1.112160614162079
91653.53736927746
1831.350688833525
9
1.112160614162079
726.4761511276972
26.070671297200146
10
1.112160614162079
11.533351755375698
1.3872585268185258
11
1.112160614162079
53.83641003306815
2.1899331273287794
12
1.0796968930557134
491.39385098721306
10.776669079805979
13
1.0796968930557134
41914.0145515486
1002.0963038777359
14
1.0796968930557134
872.5460956835084
18.508396436498128
15
1.0796968930557134
495.43206695183926
11.013772093989997
16
1.0796968930557134
2977992.1691929274
66409.13029716625
17
1.0796968930557134
3683771.14889654
72318.17089880408
18
1.0796968930557134
490.8804650794254
13.620927901474394
19
1.0796968930557134
1238349.49601629
24282.48382422575
20
1.0796968930557134
319.17949341156543
7.744037092537349
21
1.0796968930557134
11.403081646677851
1.282116201950264
22
1.0796968930557134
8510.325948297783
214.36748590005342
23
1.0796968930557134
5.300477893792565
1.214887783560048
24
1.0796968930557134
12981.038985140685
268.8668261740623
25
1.0796968930557134
30817352282.281883
604261829.9368912
26
1.0796968930557134
14.94625690393019
1.363934949062503
27
1.0796968930557134
428062.2253577813
8705.25852844871
28
1.0796968930557134
46980.05901247098
936.3635969124298
29
1.0796968930557134
978.5592694910675
20.372268879687997
30
1.0796968930557134
1328981.1061586465
37795.5971400087
31
1.0796968930557134
1.0796968930557134
1.079696893055713
32
1.0796968930557134
490.8804650794254
11.812610799642398
33
1.0796968930557134
2829985.7695321697
55499.438169425004
34
1.0796968930557134
13.827557000570428
1.5648125217227278
35
1.0796968930557134
147028506.8950182
2882913.139434588
36
1.0796968930557134
25.712312153383024
1.6665403817875144
37
1.0796968930557134
10452.373777470957
206.8716886126843
38
1.0796968930557134
72605.93995527139
1465.515982431308
39
1.0796968930557134
164109.34101483165
5747.419178522381
40
1.0796968930557134
5216179.480901042
102380.50100656973
41
1.0796968930557134
44355.56992307796
870.7755836809968
42
1.0796968930557134
3.730712051335031
1.1316775824337386
43
1.0796968930557134
2175343.4578609387
42656.89463363972
44
1.0796968930557134
329984733.66620094
6470678.927455234
45
1.0796968930557134
4.206263955037116
1.1410021295651522
46
1.0796968930557134
1825.3989298337942
37.11595555535586
47
1.0796968930557134
1.0796968930557134
1.079696893055713
48
1.0796968930557134
41822.67797479038
1061.6249934314612
49
1.0796968930557134
1042529733.5539782
20441775.547824305
0
1.3593849315204656
8363750576.679981
168147819.84224665
1
1.3593849315204656
110419.19957303778
2270.220340527189
2
1.3593849315204656
2903.080769381004
63.50555999039419
3
1.3265894192567151
3.7331501377750014
1.6998206496962383
4
1.023336063573592
5.642153125879515
1.4899736393386958
5
1.023336063573592
638091565.8914065
12511601.072238212
6
1.023336063573592
22.186399310003182
1.7379604548869005
7
0.9729497770205183
3.4532710540029536
1.2540143204427947
8
0.9234039814613256
2.1954723179943243
1.1069346541397755
9
0.9234039814613256
18.658313172154447
1.3761833897578242
10
0.9234039814613256
3.5675060529672686
1.093956170971787
11
0.9234039814613256
5205.617170860222
128.52883974320056
12
0.9234039814613256
11.750663504877618
1.2066172226666463
13
0.9234039814613256
10.30023962366611
1.2865014738379794
14
0.9234039814613256
2.5668606195691863
0.9726709494203815
15
0.9234039814613256
345494.4487306556
6775.794351477076
16
0.9234039814613256
8.889496608464595
1.107712986612674
17
0.9234039814613256
1.7028381046045866
0.9528768920901376
18
0.9234039814613256
8.01592036344105
1.1770943834208192
19
0.9234039814613256
1254985.051012436
25281.147545121174
20
0.9234039814613256
5861.292980515675
117.20031392992861
21
0.9234039814613256
16.597197333255412
1.260769793641542
22
0.9234039814613256
4.827133567138896
1.027295686894831
23
0.9234039814613256
2454.101913946757
50.22020465859386
24
0.9234039814613256
1.3794825659449288
0.9625453143829541
25
0.9234039814613256
1332029.0214988338
26119.12140584128
26
0.9234039814613256
298.6326528233152
6.783177813785538
27
0.9234039814613256
36.81275720769458
1.6722272369903082
28
0.9234039814613256
43.58903042008123
1.793522268180978
29
0.9234039814613256
9.83842726871915
1.1068883465353097
30
0.9234039814613256
3414.4124465550867
70.7354431165726
31
0.9234039814613256
19.98112751440747
1.6135810099158945
32
0.7857657399868473
1.6649768870314754
0.9435966865770902
33
0.7857657399868473
19.642604584056112
1.304207533298697
34
0.7857657399868473
9.871526172228764
1.0826646234597685
35
0.7857657399868473
12170.917350990749
239.5364906887515
36
0.7857657399868473
462.9685276904395
14.427850784732334
37
0.7857657399868473
14.157418543607792
1.1071074268609997
38
0.7857657399868473
484461.9282708145
9501.492751238487
39
0.7857657399868473
1292.8584628527344
26.19465861598699
40
0.7857657399868473
1.3614783558867865
0.8057730682075709
41
0.7857657399868473
14.384280769860268
1.2806983914358017
42
0.7857657399868473
61050.001297028655
1197.8373026871996
43
0.7857657399868473
237.72591919793717
5.488455613488968
44
0.7857657399868473
6.269793931173337
0.972980284538326
45
0.7857657399868473
166.6874632638256
4.138879044612441
46
0.7857657399868473
0.7857657399868473
0.7857657399868474
47
0.7857657399868473
40.70915754485777
1.73479321087779
48
0.7857657399868473
3670.1447028239527
72.81444678197992
49
0.7857657399868473
150.60858879877347
3.9263506705713356
0
1.189808144827373
624996114.6106455
13419380.938873485
1
1.189808144827373
4563.493107006175
106.2794282739674
2
1.189808144827373
12.406721246486907
4.0992342183202295
3
0.733873710731262
6043.416088637505
133.2372476029786
4
0.733873710731262
6897.098258222389
140.4213734341519
5
0.733873710731262
2452815.146520492
48175.00511033565
6
0.733873710731262
172.23990925641533
4.380379961589893
7
0.733873710731262
94427.03714370084
1925.0600477968164
8
0.733873710731262
300.5013031050013
8.096560978574871
9
0.733873710731262
354.38679663387774
9.341749224164156
10
0.733873710731262
36.6550222519013
1.475068094223688
11
0.733873710731262
680.9940751237631
14.520478934818357
12
0.733873710731262
15.829413208405576
1.4741941287136997
13
0.733873710731262
21.484671662134243
1.2536806706422532
14
0.733873710731262
1.7840729413487055
0.7687895769824625
15
0.733873710731262
2249.4783277566694
45.38146094089436
16
0.733873710731262
21535.40799237847
430.18550547440117
17
0.733873710731262
183.16699242559218
4.744896593072139
18
0.733873710731262
1.3758788733304508
0.7847428603096299
19
0.733873710731262
25179.294136936383
647.0963125472022
20
0.733873710731262
25182.37545084058
498.6361547785394
21
0.733873710731262
598.3602910011248
12.48069534843233
22
0.733873710731262
157.39651873307065
4.178743469793923
23
0.733873710731262
57.06225385635575
2.9318181329110096
24
0.733873710731262
25.153306733874928
1.237795794434439
25
0.733873710731262
542.405403722047
18.219920640853015
26
0.733873710731262
9134.175083343549
185.41555669917733
27
0.733873710731262
10.422148712821926
1.2536536684272617
28
0.733873710731262
231.9591472060076
16.392748358431472
29
0.733873710731262
5.113596160542327
0.9271960183915684
30
0.733873710731262
21454189.22243663
420759.6698262148
31
0.733873710731262
21823.878143802485
468.6464901594966
32
0.733873710731262
133482194.21587723
2650868.3600483313
33
0.733873710731262
2135.27315238822
76.65697880887134
34
0.733873710731262
12907.80770873037
254.45042046679572
35
0.733873710731262
409.51430458675
10.119274407787879
36
0.733873710731262
120451.38588623768
2613.5753372263775
37
0.733873710731262
3082.4287810575406
112.40392463806286
38
0.733873710731262
15502707651.918083
304983222.0711447
39
0.733873710731262
109802.75843535986
2161.1785437369717
40
0.733873710731262
1080817.8647658948
21225.52096274871
41
0.733873710731262
2916191.6432999577
57180.97974339019
42
0.733873710731262
79.94369254447241
2.825932839022289
43
0.733873710731262
302470.87205379875
5934.1072444454685
44
0.733873710731262
8845.730070323736
202.69483394039761
45
0.733873710731262
614.5754562261245
23.96691727548186
46
0.733873710731262
3162.3941682850786
75.26016989613987
47
0.733873710731262
63.24321064511017
2.825540495981585
48
0.733873710731262
31827596.93606329
896047.3695926116
49
0.733873710731262
39426.180659516416
781.0330683933096
0
1.141370372902482
1265265154.1912234
28115591.017720517
1
1.141370372902482
10797.890756981798
464.0896279269034
2
1.141370372902482
258.8077294416074
10.67394270750658
3
1.141370372902482
70.41187059375878
3.6165219505042834
4
1.141370372902482
3.6724264082091143
1.3829076717078415
5
1.141370372902482
1.141370372902482
1.141370372902481
6
1.141370372902482
1.141370372902482
1.141370372902481
7
1.141370372902482
1.141370372902482
1.141370372902481
8
1.141370372902482
1.141370372902482
1.141370372902481
9
1.141370372902482
1.141370372902482
1.141370372902481
10
1.141370372902482
1.141370372902482
1.141370372902481
11
1.141370372902482
1.141370372902482
1.141370372902481
12
1.141370372902482
1.141370372902482
1.141370372902481
13
1.141370372902482
1.141370372902482
1.141370372902481
14
1.141370372902482
1.141370372902482
1.141370372902481
15
1.141370372902482
1.141370372902482
1.141370372902481
16
1.141370372902482
1.141370372902482
1.141370372902481
17
1.141370372902482
1.141370372902482
1.141370372902481
18
1.141370372902482
1.141370372902482
1.141370372902481
19
1.141370372902482
1.141370372902482
1.141370372902481
20
1.141370372902482
1.141370372902482
1.141370372902481
21
1.141370372902482
1.141370372902482
1.141370372902481
22
1.141370372902482
1.141370372902482
1.141370372902481
23
1.141370372902482
1.141370372902482
1.141370372902481
24
1.141370372902482
1.141370372902482
1.141370372902481
25
1.141370372902482
1.141370372902482
1.141370372902481
26
1.141370372902482
1.141370372902482
1.141370372902481
27
1.141370372902482
1.141370372902482
1.141370372902481
28
1.141370372902482
1.141370372902482
1.141370372902481
29
1.141370372902482
1.141370372902482
1.141370372902481
30
1.141370372902482
1.141370372902482
1.141370372902481
31
1.141370372902482
1.141370372902482
1.141370372902481
32
1.141370372902482
1.141370372902482
1.141370372902481
33
1.141370372902482
1.141370372902482
1.141370372902481
34
1.141370372902482
1.141370372902482
1.141370372902481
35
1.141370372902482
1.141370372902482
1.141370372902481
36
1.141370372902482
1.141370372902482
1.141370372902481
37
1.141370372902482
1.141370372902482
1.141370372902481
38
1.141370372902482
1.141370372902482
1.141370372902481
39
1.141370372902482
1.141370372902482
1.141370372902481
40
1.141370372902482
1.141370372902482
1.141370372902481
41
1.141370372902482
1.141370372902482
1.141370372902481
42
1.141370372902482
1.141370372902482
1.141370372902481
43
1.141370372902482
1.141370372902482
1.141370372902481
44
1.141370372902482
1.141370372902482
1.141370372902481
45
1.141370372902482
1.141370372902482
1.141370372902481
46
1.141370372902482
1.141370372902482
1.141370372902481
47
1.141370372902482
1.141370372902482
1.141370372902481
48
1.141370372902482
1.141370372902482
1.141370372902481
49
1.141370372902482
1.141370372902482
1.141370372902481
0
1.839773653343069
44173316.455444895
1047100.8315611911
1
1.839773653343069
200.70324616660136
14.61221131313156
2
1.839773653343069
111.77976221698
6.0230761649996865
3
1.6055853234433728
1215200.6008722037
28644.908397938812
4
1.2521773856240028
962572125.33313
19426760.762214124
5
1.2521773856240028
238970.69370201603
5211.733707178314
6
1.2521773856240028
22325290.35141275
440347.9862159645
7
1.2521773856240028
1064.0992356070083
22.458481890520048
8
1.2521773856240028
3.6659860827776503
1.3991949888493898
9
1.2521773856240028
133.76464823827126
5.418648854463263
10
1.2521773856240028
13581.527940515156
270.54081144996616
11
1.2521773856240028
15.228389093237444
1.6210108205056273
12
0.9728819297687353
612.3431268919097
13.28115179977712
13
0.9728819297687353
9.107568798817038
1.5362958981510588
14
0.9728819297687353
479.14939385121346
11.320862525889636
15
0.9728819297687353
1406021.2053397568
27570.576058783332
16
0.9728819297687353
5016.028545192455
112.3349665477224
17
0.9728819297687353
2905.363537927378
76.52022555987519
18
0.9728819297687353
388.77470965606915
10.065874953586905
19
0.9728819297687353
2643.942657734575
53.14764137105772
20
0.9728819297687353
22.684740718926346
1.9735608334974637
21
0.9728819297687353
30.401467110047612
1.865115502687911
22
0.9728819297687353
414.8767760780016
9.560178685050742
23
0.9728819297687353
180.74026829019988
4.776912426817484
24
0.9728819297687353
30.397184758416547
1.6334299293878871
25
0.9728819297687353
7.561670061395474
1.1441368422931237
26
0.9728819297687353
38.33783508103284
2.003459037792134
27
0.9399860879303545
70658.14777145628
1392.8783975805443
28
0.9399860879303545
14.53478165487932
1.4535996869494665
29
0.9399860879303545
3.191509527883396
1.0768831026359504
30
0.9399860879303545
91.79322488051233
2.846352516782175
31
0.9399860879303545
3663505.360520559
80253.94331039347
32
0.9399860879303545
9.912883056018483
1.3648097991931754
33
0.9399860879303545
279.5099842347409
6.505636380433797
34
0.9399860879303545
96717161614.29074
1896414934.6367269
35
0.9399860879303545
20.71008926713963
1.7233790473441475
36
0.9399860879303545
44.81539240702323
1.8002881726184483
37
0.9399860879303545
61.453343493499034
3.089446959024074
38
0.9399860879303545
36.61586078302785
1.9451906108772
39
0.9399860879303545
497.6138774736847
11.107833383890812
40
0.9399860879303545
3.0581334333420642
1.0644716401887795
41
0.9399860879303545
4.202630871572481
1.0455412669704407
42
0.9399860879303545
188.25857774017328
7.486167627656192
43
0.9399860879303545
29.920256119768514
2.4675203261961975
44
0.9399860879303545
30.12377900677678
1.5676488531147013
45
0.9399860879303545
3.419433057426106
1.076309093501021
46
0.9399860879303545
73038.7958059475
1434.265303756192
47
0.9399860879303545
2.953190577132237
1.0116806612418447
48
0.9399860879303545
55210.36740719791
1158.578072152059
49
0.9399860879303545
504.3492443571972
13.236553094386489
0
1.9223204427728273
4880155798702.481
97604877676.2316
1
1.9223204427728273
272444.56021621334
5369.932633646233
2
1.9223204427728273
6.391476234594223
2.6820138252289603
3
1.0008665846212081
4.398173239687561
2.027388367798927
4
1.0008665846212081
1.9223204427728273
1.9042527200639734
5
1.0008665846212081
1.9223204427728273
1.8681172746462629
6
1.0008665846212081
1.9223204427728273
1.7055077702665649
7
0.971480658228646
46.75381819707207
2.3889283354284374
8
0.971480658228646
3.0914047991111997
1.2065140619421564
9
0.971480658228646
588826.5526650661
11546.874803746017
10
0.971480658228646
286.2319701712919
6.638596821145691
11
0.971480658228646
72023.1375394915
1413.4742209910685
12
0.971480658228646
259.2538597829468
6.179656400620242
13
0.971480658228646
1225.0901565489476
24.973807636478075
14
0.971480658228646
3.749152830088664
1.1746505465541481
15
0.971480658228646
685.4542464011207
21.20125115034833
16
0.971480658228646
896.4306430805204
24.483971207368302
17
0.971480658228646
5.491855729591589
1.1043860297884456
18
0.971480658228646
8321.398514277924
214.042814153709
19
0.971480658228646
5.476890085733314
1.3080911951432814
20
0.971480658228646
55.63646339340051
2.1196287754926124
21
0.971480658228646
63.72557696842035
2.2771430785984053
22
0.971480658228646
42.371992665939175
2.1162103820519964
23
0.971480658228646
5177.24841930191
109.3583415785793
24
0.971480658228646
505.8741485912957
12.568704970120898
25
0.971480658228646
196241.35752170553
3874.654537585654
26
0.971480658228646
132.1248048625984
4.618180425187237
27
0.971480658228646
2.5003515443755253
1.0056321319647057
28
0.971480658228646
18.03841195680458
1.8715547326645314
29
0.971480658228646
661.0107516419338
14.27988954334316
30
0.971480658228646
5479.233817477992
109.51968159552473
31
0.971480658228646
55.781923986231675
2.0918887144939937
32
0.971480658228646
12.150287108716144
1.3018462474800998
33
0.971480658228646
2.597971544930648
1.0218559411275905
34
0.971480658228646
5.96297380128167
1.1754408507469056
35
0.971480658228646
65.80325605030077
2.3687354508745293
36
0.971480658228646
44.55695024199945
2.097354264117697
37
0.971480658228646
207.13683677968822
5.198007462176162
38
0.971480658228646
40033.20420657077
798.5182207103871
39
0.971480658228646
590.1612799331511
17.430299356693556
40
0.971480658228646
4.366023778378848
1.1659902523587666
41
0.971480658228646
4575.924377702726
104.98484758653808
42
0.971480658228646
9.065819322315823
1.2326013269287608
43
0.971480658228646
216967.55661934437
4255.40205228113
44
0.971480658228646
4752.695982484039
94.20143686260421
45
0.971480658228646
34.5269215488167
2.2491441828149537
46
0.971480658228646
6904.995538173556
136.96318538995956
47
0.971480658228646
3.3085443356691595
1.1180771149058415
48
0.971480658228646
6474.496980496698
127.93292938432693
49
0.971480658228646
9.664406252218333
1.3251283493544923
0
1.0135311486483431
1521894993352.691
30437920757.602047
1
1.0135311486483431
108.38248762689634
8.188807628560625
2
1.0135311486483431
468.49254218360124
12.469558132859348
3
1.0135311486483431
28482.487274257437
565.8748971227317
4
1.0135311486483431
91.42457190214053
2.9075743244044463
5
1.0135311486483431
1.0135311486483431
1.0135311486483423
6
1.0135311486483431
1.0135311486483431
1.0135311486483423
7
1.0135311486483431
1.0135311486483431
1.0135311486483423
8
1.0135311486483431
1.0135311486483431
1.0135311486483423
9
1.0135311486483431
1.0135311486483431
1.0135311486483423
10
1.0135311486483431
1.0135311486483431
1.0135311486483423
11
1.0135311486483431
1.0135311486483431
1.0135311486483423
12
1.0135311486483431
1.0135311486483431
1.0135311486483423
13
1.0135311486483431
1.0135311486483431
1.0135311486483423
14
1.0135311486483431
1.0135311486483431
1.0135311486483423
15
1.0135311486483431
1.0135311486483431
1.0135311486483423
16
1.0135311486483431
1.0135311486483431
1.0135311486483423
17
1.0135311486483431
1.0135311486483431
1.0135311486483423
18
1.0135311486483431
1.0135311486483431
1.0135311486483423
19
1.0135311486483431
1.0135311486483431
1.0135311486483423
20
1.0135311486483431
1.0135311486483431
1.0135311486483423
21
1.0135311486483431
1.0135311486483431
1.0135311486483423
22
1.0135311486483431
1.0135311486483431
1.0135311486483423
23
1.0135311486483431
1.0135311486483431
1.0135311486483423
24
1.0135311486483431
1.0135311486483431
1.0135311486483423
25
1.0135311486483431
1.0135311486483431
1.0135311486483423
26
1.0135311486483431
1.0135311486483431
1.0135311486483423
27
1.0135311486483431
1.0135311486483431
1.0135311486483423
28
1.0135311486483431
1.0135311486483431
1.0135311486483423
29
1.0135311486483431
1.0135311486483431
1.0135311486483423
30
1.0135311486483431
1.0135311486483431
1.0135311486483423
31
1.0135311486483431
1.0135311486483431
1.0135311486483423
32
1.0135311486483431
1.0135311486483431
1.0135311486483423
33
1.0135311486483431
1.0135311486483431
1.0135311486483423
34
1.0135311486483431
1.0135311486483431
1.0135311486483423
35
1.0135311486483431
1.0135311486483431
1.0135311486483423
36
1.0135311486483431
1.0135311486483431
1.0135311486483423
37
1.0135311486483431
1.0135311486483431
1.0135311486483423
38
1.0135311486483431
1.0135311486483431
1.0135311486483423
39
1.0135311486483431
1.0135311486483431
1.0135311486483423
40
1.0135311486483431
1.0135311486483431
1.0135311486483423
41
1.0135311486483431
1.0135311486483431
1.0135311486483423
42
1.0135311486483431
1.0135311486483431
1.0135311486483423
43
1.0135311486483431
1.0135311486483431
1.0135311486483423
44
1.0135311486483431
1.0135311486483431
1.0135311486483423
45
1.0135311486483431
1.0135311486483431
1.0135311486483423
46
1.0135311486483431
1.0135311486483431
1.0135311486483423
47
1.0135311486483431
1.0135311486483431
1.0135311486483423
48
1.0135311486483431
1.0135311486483431
1.0135311486483423
49
1.0135311486483431
1.0135311486483431
1.0135311486483423
0
1.8337378954487078
82882187210.3174
1680021696.0360446
1
1.8337378954487078
42294.711597952104
861.8049684219437
2
1.8337378954487078
244.9270693042563
7.990971235059321
3
1.8337378954487078
1712248.3593878956
33575.99221591593
4
1.3989543504937416
5.66481684578309
1.9808821418030715
5
1.3989543504937416
31839.32698895483
664.2091092431962
6
1.3989543504937416
3.830924638115534
1.8403418466390724
7
1.3989543504937416
3.6543526628197096
1.7503826483744915
8
1.3989543504937416
793.6189052679582
18.54918623449725
9
1.3474320451438786
3606.2167705449274
72.20609625790986
10
1.3474320451438786
54807.846655908135
1334.6283824754892
11
1.3474320451438786
204.18458264390233
5.427386090395793
12
1.3474320451438786
9540.119790869927
313.0528325840042
13
1.1991887704017306
442.83402005998704
10.323637530786666
14
1.1991887704017306
4103.577469913101
84.5890973017498
15
1.1991887704017306
1096.8199011114284
22.984563510794572
16
1.1991887704017306
3.8575907253417134
1.4386758763543224
17
1.0810216499768541
115.28499063915699
3.599506072262076
18
1.0810216499768541
8.559185088499698
1.649303651739654
19
1.0810216499768541
6.954724438800243
1.4547324822481937
20
1.0810216499768541
3.8251296689150434
1.20360409306359
21
1.0810216499768541
137.10979761612364
3.915757298849408
22
1.0810216499768541
54.63503166566925
2.7774451787854035
23
1.0810216499768541
6.737676086909683
1.4604418678211601
24
1.0810216499768541
227.58286775347244
5.726653836671779
25
1.073226702015483
3651495.5373215806
71599.16888316852
26
1.073226702015483
13.574244166783226
1.5990714308593035
27
1.073226702015483
3.7988766615793548
1.3795986292178877
28
1.073226702015483
2304.4593366475747
47.41340471453769
29
1.073226702015483
38.837610647282304
2.1876887264776337
30
1.073226702015483
4.452377916787593
1.3193018098498632
31
1.073226702015483
56600.44111922725
1141.788071709477
32
1.073226702015483
419236.27039161685
8221.670960692727
33
1.073226702015483
19745.229443143548
390.50973992821764
34
1.073226702015483
2253.8829784455493
45.41422585503709
35
1.073226702015483
917.4855681924086
19.362981580624567
36
1.073226702015483
3.7884468484394547
1.4363260485359672
37
1.073226702015483
9.197678776003048
1.5531359828705031
38
1.073226702015483
638.4673869824743
13.988589069534047
39
1.073226702015483
10.977889008354035
1.3935999900596416
40
1.073226702015483
1315359.5236579194
25793.12105518757
41
1.073226702015483
922.4660521778345
19.719827067996906
42
1.073226702015483
5.281979985960557
1.2857085794933452
43
1.073226702015483
7.758916547136177
1.4628158713451862
44
1.073226702015483
162.2504208211228
4.440347337834122
45
1.073226702015483
3347.1212898391004
68.10193860409686
46
1.073226702015483
47.93944809377142
2.5542253670408934
47
1.073226702015483
269.08250743160835
6.764450366142557
48
1.073226702015483
464.4446444635524
10.77521040605783
49
1.073226702015483
62.06911714701941
2.5469883525434422
0
1.9452948240821162
101342709.4083411
2775612.5438943002
1
1.9452948240821162
1116.0138823645161
52.474795762678376
2
1.9452948240821162
92.78529264618521
5.743753466817729
3
1.9452948240821162
4.392127707394313
2.7606262208132777
4
0.7914675125346644
16182.612871041534
319.641910835873
5
0.7914675125346644
7.50150943229446
2.1158146840344325
6
0.7914675125346644
142.06769182763955
5.400676673293774
7
0.7914675125346644
234.608264779424
6.296480439110864
8
0.7914675125346644
68.2025205947627
2.7518055196143507
9
0.7914675125346644
10546.17088729307
245.57297045741956
10
0.7914675125346644
3.853320967860123
0.9592861278366263
11
0.7914675125346644
7.1750312790340764
1.1174421884765202
12
0.7914675125346644
46.876326374236456
1.9869011872011026
13
0.7914675125346644
14.195946812802001
1.4692481269179882
14
0.7914675125346644
239.48558326389312
5.59182203322404
15
0.7914675125346644
3.8131210256631323
1.1193226286546374
16
0.7914675125346644
3.7530121199377517
1.1524968227367183
17
0.7914675125346644
9.69248498643346
1.280296573812477
18
0.7914675125346644
18.520276021756374
1.2491441639095222
19
0.7914675125346644
3.8838224586866197
0.9092972747984956
20
0.7914675125346644
4.16397839571935
1.07411565287487
21
0.7914675125346644
7.220088414035691
1.06419449857918
22
0.7914675125346644
4.139270685718798
1.1552435384592794
23
0.7914675125346644
37.4580871753711
1.858425824157038
24
0.7914675125346644
228.5148618689853
5.7035328964700724
25
0.7914675125346644
20.88248751657287
1.707305604528684
26
0.7914675125346644
10861.56049483955
214.4714971969612
27
0.7914675125346644
3.752054519255773
0.9651226623322293
28
0.7914675125346644
30.88897755601049
1.829307750106032
29
0.7914675125346644
185.76553330347483
4.740079452700396
30
0.7914675125346644
3.7540200128166026
1.0128232667125352
31
0.7914675125346644
4.484219853823873
0.9802167617847634
32
0.7914675125346644
9.94630067612591
1.1834561528028693
33
0.7914675125346644
20.938608621447614
1.3027462586491338
34
0.7914675125346644
6.739337267868781
1.3045262505521007
35
0.7914675125346644
69.44404677051358
2.696139962347631
36
0.7914675125346644
32.54988178183934
2.470486539972246
37
0.7914675125346644
8.10849479578464
1.061089642294722
38
0.7914675125346644
3.863471946523239
1.1268447980152998
39
0.7914675125346644
57.16752684550084
2.073977882994551
40
0.7914675125346644
115.86332843141726
3.488385684079962
41
0.7914675125346644
35911764.37172525
704153.6775054481
42
0.7914675125346644
26.368903000735372
1.342228263413915
43
0.7914675125346644
3440.095981228075
68.77072055692429
44
0.7914675125346644
5.276427723141236
1.1615752336791434
45
0.7914675125346644
287.3345179020172
7.869611157582589
46
0.7914675125346644
5.708538831858127
1.0790108173832522
47
0.7914675125346644
8.428520938960801
1.114001663051428
48
0.7914675125346644
3.7598136401279953
1.1745598495068477
49
0.7914675125346644
971103.4975608045
19043.783082061345
0
1.9997164838403862
893552491.5001929
17940340.94547839
1
1.9997164838403862
36673.21075295882
1819.6454910905031
2
1.9997164838403862
224.00277649381619
8.705134376402004
3
1.9997164838403862
657.5058188028917
43.544517179055035
4
1.1220252613062303
30.005187159096273
2.6583471286245435
5
1.1220252613062303
4.980309813340812
2.067091091212549
6
1.1220252613062303
20.728211517304295
2.2830675640855618
7
1.0758142532519697
757.1474896836029
17.082753518612943
8
1.0758142532519697
113.58463428713328
3.872643933456869
9
1.0758142532519697
548.0365738961528
12.616669321047292
10
1.0758142532519697
60.87223772041977
2.3238046388735274
11
1.0758142532519697
4525.668511041344
89.94414049521485
12
1.0758142532519697
56.33736672086129
2.2366446401868196
13
1.0758142532519697
5353.030050596909
106.33125506549955
14
1.0758142532519697
15225.422125708366
300.01138100928597
15
1.0758142532519697
25.835229292788046
1.5817255840678686
16
1.0758142532519697
10503.02007187544
207.77318609777453
17
1.0758142532519697
104.34732851220056
3.243639081729498
18
1.0758142532519697
6.613804468838393
1.334453851748048
19
1.0758142532519697
3.060698731643458
1.1716085213863223
20
1.0758142532519697
141.4133566640473
4.137531353975955
21
0.9806294955987744
32420.265441243737
636.8873172415055
22
0.9806294955987744
1014.4901170297849
35.77736564961082
23
0.9806294955987744
3.661458048863242
1.1734773344621212
24
0.9806294955987744
6327.761834447184
125.90966645400744
25
0.9806294955987744
3389.744780450571
116.46391272181897
26
0.9412854110611547
28059167.39203037
551273.1538027682
27
0.9412854110611547
11.188360785401718
1.2931686110997247
28
0.9412854110611547
3362.774524691321
136.0755658812125
29
0.9412854110611547
213.72275352224588
5.76404526957048
30
0.9412854110611547
55.47227845105706
2.562919709596527
31
0.9412854110611547
217881.1608091794
4274.877392390704
32
0.9412854110611547
238.61146750082634
6.397894045187392
33
0.9412854110611547
2548397.56385493
50147.45735535438
34
0.9412854110611547
475.1899072645045
10.30549136453731
35
0.9412854110611547
98.78708709081916
3.3089115642916
36
0.9412854110611547
10069.262284870169
198.57108850536366
37
0.9412854110611547
117.88125705904781
3.7651716120255756
38
0.9412854110611547
54.83470170651367
2.1560835894786416
39
0.9412854110611547
2197.3539255410624
44.34306702957782
40
0.9412854110611547
2071.9354864183856
43.019203218713486
41
0.9412854110611547
244.54971293949131
8.134555798471233
42
0.9412854110611547
131876.48850704133
2588.0665539912457
43
0.9412854110611547
23.22894143336117
1.5796879682041365
44
0.9412854110611547
11.618515457058491
1.3147943997538418
45
0.9412854110611547
56.31835059076016
2.2822357574947643
46
0.9412854110611547
3.6743638259447673
1.0988506088525605
47
0.9412854110611547
399.79851217380883
9.012258588430798
48
0.9412854110611547
5024.041419681127
129.23257602652296
49
0.9412854110611547
3.769481201938702
1.125226097916749
0
1.2730549207892694
285019263.61230755
6204288.500325668
1
1.2730549207892694
4524.865329664692
117.31345261738039
2
1.2730549207892694
6.655205342576408
2.778604885149227
3
1.2730549207892694
3.777492460677891
2.1708134489606454
4
1.2730549207892694
60.605032297725614
2.893125263575404
5
1.2730549207892694
47.68978052548333
2.3166068132973217
6
1.2730549207892694
330.52900394746945
8.948377589434294
7
1.2730549207892694
8.92203645688925
1.7146645953169333
8
1.2730549207892694
271.8909542600601
6.79319151734641
9
1.2730549207892694
119.01522024320649
3.835287686458123
10
1.2730549207892694
6.674808845027897
1.5061650673329297
11
1.2730549207892694
8447.566431794332
182.87536911505427
12
1.2730549207892694
14.258354592388145
1.8034949128694349
13
1.2730549207892694
12387.662936804325
244.44238631396095
14
1.2730549207892694
179.61339063417458
5.090078887961923
15
1.2730549207892694
4469.797109044064
88.94695558434236
16
1.2730549207892694
46.813589074703614
2.5434730204627143
17
1.2730549207892694
88.76398227602064
3.185455700731428
18
1.2730549207892694
3.850225940965125
1.7699481539431365
19
1.2730549207892694
5297.971790477352
106.93076386555268
20
1.2730549207892694
55.56609880164268
3.1784280844649637
21
1.2730549207892694
3.941346027542247
1.546357802687171
22
1.2730549207892694
3.775084257322895
1.3221143195448313
23
1.2730549207892694
2084.255655196507
43.918035512692654
24
1.2730549207892694
466.365183455201
10.551220499297548
25
1.2730549207892694
27.933181416895998
2.059873255292481
26
1.2730549207892694
532.1108971833173
13.271169056497179
27
1.2730549207892694
857.5856901756465
30.81343174170302
28
1.2730549207892694
15.369556288829518
1.6460655995751865
29
1.2730549207892694
16811.27395218478
331.3641785414329
30
1.2730549207892694
13.686665965630695
1.8527946328720102
31
1.2730549207892694
3.8714771156288426
1.5167763446760287
32
0.9916058486156063
420.513416718101
9.747021104723856
33
0.9916058486156063
9.469898457058912
1.4446514384882287
34
0.9916058486156063
5.416686074860656
1.438042525824199
35
0.9916058486156063
46820.5048918832
919.4374625432556
36
0.9916058486156063
9677589.48019335
189759.2512512929
37
0.9916058486156063
175.31239034855972
4.630223089052341
38
0.9916058486156063
28.82384360625396
1.8163204339191765
39
0.9916058486156063
3345.495006537347
67.09956549467805
40
0.9916058486156063
14.766324721464267
1.5764120705675848
41
0.9916058486156063
9.660060632252794
1.3817578712908156
42
0.9916058486156063
23.19663918008134
1.930402651412698
43
0.9916058486156063
15.142306425419488
1.4864518425173507
44
0.9916058486156063
8.519302152493266
1.4703402656449387
45
0.9916058486156063
3365.2284970003852
69.51845168647198
46
0.9916058486156063
96.37332837952728
3.432429232212313
47
0.9916058486156063
4.072560752147218
1.1111413739187712
48
0.9916058486156063
256.64171690385217
8.165135180065457
49
0.9916058486156063
5.318056308996205
1.537627131914275
0
0.9674919656622353
8830742.264984904
180694.820993592
1
0.9674919656622353
13587.783332099714
312.24180191442144
2
0.9674919656622353
7.549034779720141
2.9414683268271586
3
0.9674919656622353
3.866932260262352
1.65366157904166
4
0.9674919656622353
7.006427110658779
1.3951730892444
5
0.9674919656622353
269.1142364443684
6.628370073608475
6
0.9674919656622353
54.62832355452402
2.193986600714752
7
0.9674919656622353
7.12877937822077
1.3249761730336767
8
0.9674919656622353
38.38983730591047
2.1181176129460617
9
0.9674919656622353
6.252992286626322
1.7387106609392564
10
0.9674919656622353
3.991222943159522
1.3307418490921972
11
0.9674919656622353
8.587098158760403
1.2831498193109931
12
0.9674919656622353
3.9396646663277046
1.1343238240437699
13
0.9674919656622353
26.312589582208897
1.7206274677213436
14
0.9674919656622353
129822.51930357849
2803.3054818146115
15
0.9674919656622353
8.252872280393925
1.3767745436380046
16
0.9674919656622353
74.02894886378532
2.896798938985453
17
0.9674919656622353
8.861574129027499
1.4498204244854052
18
0.9674919656622353
13.405421045090542
1.2649176234728805
19
0.9674919656622353
4.77520690518051
1.2691585679479875
20
0.9674919656622353
3.7530102771490657
1.1298375294316376
21
0.9674919656622353
6.235597821248187
1.3227467640515875
22
0.9674919656622353
4.807580165724438
1.5503411556566817
23
0.9674919656622353
449.8712472749676
13.674188428681981
24
0.9674919656622353
585.3718961412778
15.549068934154066
25
0.9674919656622353
20.33990396486434
1.664048097458077
26
0.9674919656622353
19.581496935527035
1.8080032103069743
27
0.9674919656622353
3.901265092235575
1.2249063758996939
28
0.9674919656622353
78643.63406315917
1559.2376616695196
29
0.9674919656622353
523.96920108264
11.638610149642272
30
0.9674919656622353
246.8395029905771
6.28174307491013
31
0.9674919656622353
483.247867645037
10.81269471517065
32
0.9674919656622353
4.994358371665375
1.2099229976984733
33
0.9674919656622353
3.880466621064021
1.1741904216129302
34
0.9674919656622353
40889.32909195555
803.0371505329642
35
0.9674919656622353
24.389840591771538
1.9967773637262274
36
0.9674919656622353
4.470835646096722
1.201843897704397
37
0.9674919656622353
4.725186370905862
1.2599184662740484
38
0.9674919656622353
475.3511927596861
11.258151252640685
39
0.9674919656622353
192.09834743442968
6.104891218051315
40
0.9674919656622353
5.084603787983732
1.4339897165245838
41
0.9674919656622353
7.065250944047736
1.1993067487121367
42
0.9674919656622353
5.8249845363974595
1.1731545324717245
43
0.9674919656622353
3065.306916050515
65.35751980234174
44
0.9674919656622353
4.642162233122173
1.4476574198505336
45
0.9674919656622353
4.533014448194006
1.3811140102765864
46
0.9674919656622353
54.00469684476882
2.3334419096999746
47
0.9674919656622353
22.728211118588046
1.455106685294296
48
0.9674919656622353
3.989127189148778
1.1927858614006852
49
0.9674919656622353
3.7604961772008276
1.2382343728546104
0
2.526052272702474
60322392036.61108
1206466403.349953
1
2.526052272702474
4158.185260919909
181.56684785550678
2
2.4019298384558074
1368.74206327951
32.04536141647035
3
2.4019298384558074
9.203914618741006
3.164963555952086
4
1.530170867598427
4.605670314814471
2.752453188187905
5
1.530170867598427
68.17653120482358
3.8697363178444077
6
1.530170867598427
12.327579586119942
2.6603432990508296
7
1.530170867598427
6219.576741238737
126.37337919086453
8
1.530170867598427
355.87087352479676
9.982991995524532
9
0.9292239849498408
819.1507242362978
21.78982769980772
10
0.5775583946539274
199829.72671367688
3957.8323543277525
11
0.5775583946539274
4010.2912517183427
92.56845651201223
12
0.5775583946539274
2794.546329271983
79.15360922685215
13
0.5775583946539274
4649.058713449736
93.03587820980992
14
0.5775583946539274
36595534.68518454
717560.6444752263
15
0.5775583946539274
21833.09206997101
476.04596267759433
16
0.5775583946539274
625.9837037273657
13.809233970050315
17
0.5775583946539274
317.4629809108117
9.573566542137504
18
0.5775583946539274
56.802817170694155
2.661870947245664
19
0.5775583946539274
2152.4790075185924
50.04203263189304
20
0.5775583946539274
10211.524859952788
201.5379783507085
21
0.5775583946539274
34466464.32093622
675833.4691347155
22
0.5775583946539274
322.14097445273484
7.430250498260158
23
0.5775583946539274
3279.8347454660247
66.07165334942037
24
0.5775583946539274
104.55683024401866
4.571908848870849
25
0.5775583946539274
5191377.864444379
101802.06829756279
26
0.5644717492326818
2911028.564919672
57092.916845734304
27
0.5644717492326818
4864.698302502494
98.14983610222836
28
0.5644717492326818
1136.0757213361944
25.19582701936051
29
0.5644717492326818
40.27083182523522
2.7755816032773937
30
0.5644717492326818
42920.90391767847
843.7963626762879
31
0.5644717492326818
286281.3980970527
5629.759310739301
32
0.5644717492326818
49662093.58137246
973780.8060614273
33
0.5644717492326818
30558.57525231981
606.0474250525741
34
0.5644717492326818
303.01297838126646
7.6480823015011845
35
0.5644717492326818
39430.892729210966
977.2907597748466
36
0.5644717492326818
784.5938674192712
17.640102993520454
37
0.5644717492326818
77.19817494481734
2.8303145801022795
38
0.5531008594726899
37329.72390428051
1390.3004298426924
39
0.5531008594726899
39.550475079786814
2.7332952066135165
40
0.5531008594726899
115873.19803296763
2284.927934202034
41
0.5531008594726899
404.71888131748744
10.376112512445003
42
0.5531008594726899
126.90257684371356
5.573728175662295
43
0.5531008594726899
411.450349620035
11.716335079988555
44
0.5443888394416226
189382.3099914729
3764.854953646664
45
0.5443888394416226
3337019712.9119363
65431824.401386514
46
0.5443888394416226
745694.4468263786
14636.412409587958
47
0.5443888394416226
85050.9852049129
2415.170633431617
48
0.5443888394416226
1004.1731704304594
20.744792840294796
49
0.5443888394416226
812.4046966801757
18.02512903348362
final
3.17915719018775
